INFO 2017-09-29 02:21:44,627 signals: Flower added: asdad (ID: 29)
INFO 2017-09-29 02:24:11,074 signals: Flower added: azsdcas (ID: 30)
INFO 2017-09-29 02:26:44,046 signals: Flower added: sDFADAS (ID: 32)
INFO 2017-09-29 02:35:44,701 signals: Flower added: sdfsD (ID: 34)
INFO 2017-09-29 21:05:57,781 signals: Flower updated: xvsx1 (ID: 1)
INFO 2017-09-29 21:11:13,222 signals: Flower updated: sdfcasdfc2 (ID: 2)
INFO 2017-09-30 18:52:11,657 signals: Flower deleted: zdfsF (ID: 3)
INFO 2017-09-30 18:52:11,678 signals: Flower deleted: rr (ID: 2)
INFO 2017-09-30 18:52:11,679 signals: Flower deleted: dagrdzg (ID: 1)
INFO 2017-09-30 18:57:29,062 signals: Flower added: asdcac  (ID: 1)
INFO 2017-09-30 18:59:08,288 signals: Flower added: sadsaDa  (ID: 2)
INFO 2017-09-30 19:00:22,439 signals: Flower added: sdfwsdf  (ID: 3)
INFO 2017-09-30 19:02:35,875 signals: Flower added: asdadsvc dada adaDaDad admin (ID: 4)
INFO 2017-09-30 19:03:12,312 signals: Flower added: dfgfdg AnonymousUser (ID: 5)
INFO 2017-09-30 19:05:43,846 signals: Flower updated: sadsaDa55  (ID: 2)
INFO 2017-09-30 19:07:07,503 signals: Flower updated: asdc  (ID: 1)
INFO 2017-09-30 19:09:56,354 signals: Flower updated: sdfw  (ID: 3)
INFO 2017-09-30 20:52:06,654 signals: Flower updated: asdc  (ID: 1)
INFO 2017-09-30 20:52:22,488 signals: Flower updated: asdc  (ID: 1)
INFO 2017-09-30 20:52:42,074 signals: Flower updated: asdc  (ID: 1)
INFO 2017-09-30 20:52:56,541 signals: Flower updated: asdc  (ID: 1)
INFO 2017-10-01 15:42:59,051 signals: Flower added: one AnonymousUser (ID: 1)
INFO 2017-10-08 11:04:55,183 signals: Flower added: second AnonymousUser (ID: 2)
